{"C:\\Users\\hp\\Downloads\\BACKv3\\Challenge-Hub\\Back_end\\db.js": {"path":"C:\\Users\\hp\\Downloads\\BACKv3\\Challenge-Hub\\Back_end\\db.js","statementMap":{"0":{"start":{"line":2,"column":0},"end":{"line":2,"column":27}},"1":{"start":{"line":3,"column":17},"end":{"line":3,"column":30}},"2":{"start":{"line":5,"column":13},"end":{"line":7,"column":2}},"3":{"start":{"line":12,"column":0},"end":{"line":12,"column":22}}},"fnMap":{},"branchMap":{},"s":{"0":4,"1":4,"2":4,"3":4},"f":{},"b":{},"_coverageSchema":"1a1c01bbd47fc00a2c39e90264f33305004495a9","hash":"18fceb31bb7df4e7e2ed5d165b02b9bf8ee54937"}
,"C:\\Users\\hp\\Downloads\\BACKv3\\Challenge-Hub\\Back_end\\index.js": {"path":"C:\\Users\\hp\\Downloads\\BACKv3\\Challenge-Hub\\Back_end\\index.js","statementMap":{"0":{"start":{"line":1,"column":16},"end":{"line":1,"column":34}},"1":{"start":{"line":2,"column":19},"end":{"line":2,"column":59}},"2":{"start":{"line":3,"column":24},"end":{"line":3,"column":69}},"3":{"start":{"line":4,"column":11},"end":{"line":4,"column":26}},"4":{"start":{"line":5,"column":12},"end":{"line":5,"column":21}},"5":{"start":{"line":9,"column":0},"end":{"line":9,"column":16}},"6":{"start":{"line":10,"column":0},"end":{"line":10,"column":24}},"7":{"start":{"line":11,"column":0},"end":{"line":11,"column":48}},"8":{"start":{"line":15,"column":0},"end":{"line":15,"column":29}},"9":{"start":{"line":16,"column":0},"end":{"line":16,"column":40}},"10":{"start":{"line":17,"column":13},"end":{"line":17,"column":37}},"11":{"start":{"line":18,"column":0},"end":{"line":22,"column":1}},"12":{"start":{"line":19,"column":2},"end":{"line":21,"column":5}},"13":{"start":{"line":20,"column":4},"end":{"line":20,"column":53}},"14":{"start":{"line":24,"column":0},"end":{"line":24,"column":19}}},"fnMap":{"0":{"name":"(anonymous_0)","decl":{"start":{"line":19,"column":19},"end":{"line":19,"column":20}},"loc":{"start":{"line":19,"column":25},"end":{"line":21,"column":3}},"line":19}},"branchMap":{"0":{"loc":{"start":{"line":17,"column":13},"end":{"line":17,"column":37}},"type":"binary-expr","locations":[{"start":{"line":17,"column":13},"end":{"line":17,"column":29}},{"start":{"line":17,"column":33},"end":{"line":17,"column":37}}],"line":17},"1":{"loc":{"start":{"line":18,"column":0},"end":{"line":22,"column":1}},"type":"if","locations":[{"start":{"line":18,"column":0},"end":{"line":22,"column":1}},{"start":{},"end":{}}],"line":18}},"s":{"0":2,"1":2,"2":2,"3":2,"4":2,"5":2,"6":2,"7":2,"8":2,"9":2,"10":2,"11":2,"12":0,"13":0,"14":2},"f":{"0":0},"b":{"0":[2,0],"1":[0,2]},"_coverageSchema":"1a1c01bbd47fc00a2c39e90264f33305004495a9","hash":"c5c311af4d6ec06b5a9e20db51a45ed8fe6318ba"}
,"C:\\Users\\hp\\Downloads\\BACKv3\\Challenge-Hub\\Back_end\\controllers\\authController.js": {"path":"C:\\Users\\hp\\Downloads\\BACKv3\\Challenge-Hub\\Back_end\\controllers\\authController.js","statementMap":{"0":{"start":{"line":1,"column":13},"end":{"line":1,"column":29}},"1":{"start":{"line":2,"column":15},"end":{"line":2,"column":32}},"2":{"start":{"line":4,"column":23},"end":{"line":97,"column":1}},"3":{"start":{"line":7,"column":44},"end":{"line":7,"column":52}},"4":{"start":{"line":9,"column":4},"end":{"line":42,"column":5}},"5":{"start":{"line":11,"column":6},"end":{"line":13,"column":7}},"6":{"start":{"line":12,"column":8},"end":{"line":12,"column":93}},"7":{"start":{"line":16,"column":25},"end":{"line":16,"column":42}},"8":{"start":{"line":19,"column":19},"end":{"line":22,"column":7}},"9":{"start":{"line":25,"column":6},"end":{"line":27,"column":7}},"10":{"start":{"line":26,"column":8},"end":{"line":26,"column":87}},"11":{"start":{"line":30,"column":28},"end":{"line":30,"column":85}},"12":{"start":{"line":33,"column":6},"end":{"line":35,"column":7}},"13":{"start":{"line":34,"column":8},"end":{"line":34,"column":87}},"14":{"start":{"line":38,"column":6},"end":{"line":38,"column":80}},"15":{"start":{"line":40,"column":6},"end":{"line":40,"column":52}},"16":{"start":{"line":41,"column":6},"end":{"line":41,"column":65}},"17":{"start":{"line":47,"column":57},"end":{"line":47,"column":65}},"18":{"start":{"line":49,"column":4},"end":{"line":95,"column":5}},"19":{"start":{"line":51,"column":6},"end":{"line":53,"column":7}},"20":{"start":{"line":52,"column":8},"end":{"line":52,"column":93}},"21":{"start":{"line":56,"column":6},"end":{"line":58,"column":7}},"22":{"start":{"line":57,"column":8},"end":{"line":57,"column":78}},"23":{"start":{"line":61,"column":6},"end":{"line":63,"column":7}},"24":{"start":{"line":62,"column":8},"end":{"line":62,"column":77}},"25":{"start":{"line":66,"column":6},"end":{"line":66,"column":58}},"26":{"start":{"line":69,"column":25},"end":{"line":72,"column":7}},"27":{"start":{"line":74,"column":6},"end":{"line":76,"column":7}},"28":{"start":{"line":75,"column":8},"end":{"line":75,"column":85}},"29":{"start":{"line":79,"column":19},"end":{"line":79,"column":43}},"30":{"start":{"line":80,"column":29},"end":{"line":80,"column":64}},"31":{"start":{"line":83,"column":6},"end":{"line":83,"column":54}},"32":{"start":{"line":86,"column":22},"end":{"line":89,"column":7}},"33":{"start":{"line":91,"column":6},"end":{"line":91,"column":92}},"34":{"start":{"line":93,"column":6},"end":{"line":93,"column":52}},"35":{"start":{"line":94,"column":6},"end":{"line":94,"column":65}},"36":{"start":{"line":99,"column":0},"end":{"line":99,"column":32}}},"fnMap":{"0":{"name":"(anonymous_0)","decl":{"start":{"line":6,"column":10},"end":{"line":6,"column":11}},"loc":{"start":{"line":6,"column":30},"end":{"line":43,"column":3}},"line":6},"1":{"name":"(anonymous_1)","decl":{"start":{"line":46,"column":10},"end":{"line":46,"column":11}},"loc":{"start":{"line":46,"column":30},"end":{"line":96,"column":3}},"line":46}},"branchMap":{"0":{"loc":{"start":{"line":11,"column":6},"end":{"line":13,"column":7}},"type":"if","locations":[{"start":{"line":11,"column":6},"end":{"line":13,"column":7}},{"start":{},"end":{}}],"line":11},"1":{"loc":{"start":{"line":11,"column":10},"end":{"line":11,"column":46}},"type":"binary-expr","locations":[{"start":{"line":11,"column":11},"end":{"line":11,"column":20}},{"start":{"line":11,"column":24},"end":{"line":11,"column":30}},{"start":{"line":11,"column":35},"end":{"line":11,"column":46}}],"line":11},"2":{"loc":{"start":{"line":16,"column":25},"end":{"line":16,"column":42}},"type":"binary-expr","locations":[{"start":{"line":16,"column":25},"end":{"line":16,"column":33}},{"start":{"line":16,"column":37},"end":{"line":16,"column":42}}],"line":16},"3":{"loc":{"start":{"line":25,"column":6},"end":{"line":27,"column":7}},"type":"if","locations":[{"start":{"line":25,"column":6},"end":{"line":27,"column":7}},{"start":{},"end":{}}],"line":25},"4":{"loc":{"start":{"line":33,"column":6},"end":{"line":35,"column":7}},"type":"if","locations":[{"start":{"line":33,"column":6},"end":{"line":35,"column":7}},{"start":{},"end":{}}],"line":33},"5":{"loc":{"start":{"line":51,"column":6},"end":{"line":53,"column":7}},"type":"if","locations":[{"start":{"line":51,"column":6},"end":{"line":53,"column":7}},{"start":{},"end":{}}],"line":51},"6":{"loc":{"start":{"line":51,"column":10},"end":{"line":51,"column":44}},"type":"binary-expr","locations":[{"start":{"line":51,"column":10},"end":{"line":51,"column":19}},{"start":{"line":51,"column":23},"end":{"line":51,"column":29}},{"start":{"line":51,"column":33},"end":{"line":51,"column":44}}],"line":51},"7":{"loc":{"start":{"line":56,"column":6},"end":{"line":58,"column":7}},"type":"if","locations":[{"start":{"line":56,"column":6},"end":{"line":58,"column":7}},{"start":{},"end":{}}],"line":56},"8":{"loc":{"start":{"line":61,"column":6},"end":{"line":63,"column":7}},"type":"if","locations":[{"start":{"line":61,"column":6},"end":{"line":63,"column":7}},{"start":{},"end":{}}],"line":61},"9":{"loc":{"start":{"line":74,"column":6},"end":{"line":76,"column":7}},"type":"if","locations":[{"start":{"line":74,"column":6},"end":{"line":76,"column":7}},{"start":{},"end":{}}],"line":74}},"s":{"0":2,"1":2,"2":2,"3":3,"4":3,"5":3,"6":1,"7":2,"8":2,"9":2,"10":0,"11":2,"12":2,"13":1,"14":1,"15":0,"16":0,"17":3,"18":3,"19":3,"20":1,"21":2,"22":0,"23":2,"24":0,"25":2,"26":2,"27":2,"28":1,"29":1,"30":1,"31":1,"32":1,"33":1,"34":0,"35":0,"36":2},"f":{"0":3,"1":3},"b":{"0":[1,2],"1":[3,3,3],"2":[2,2],"3":[0,2],"4":[1,1],"5":[1,2],"6":[3,3,3],"7":[0,2],"8":[0,2],"9":[1,1]},"_coverageSchema":"1a1c01bbd47fc00a2c39e90264f33305004495a9","hash":"e64bc79ff566324cb02f2510734c4387def3192b"}
,"C:\\Users\\hp\\Downloads\\BACKv3\\Challenge-Hub\\Back_end\\controllers\\challengeController.js": {"path":"C:\\Users\\hp\\Downloads\\BACKv3\\Challenge-Hub\\Back_end\\controllers\\challengeController.js","statementMap":{"0":{"start":{"line":1,"column":13},"end":{"line":1,"column":29}},"1":{"start":{"line":2,"column":20},"end":{"line":2,"column":54}},"2":{"start":{"line":4,"column":28},"end":{"line":247,"column":1}},"3":{"start":{"line":7,"column":19},"end":{"line":7,"column":29}},"4":{"start":{"line":8,"column":23},"end":{"line":8,"column":31}},"5":{"start":{"line":10,"column":4},"end":{"line":48,"column":5}},"6":{"start":{"line":12,"column":24},"end":{"line":15,"column":7}},"7":{"start":{"line":17,"column":6},"end":{"line":19,"column":7}},"8":{"start":{"line":18,"column":8},"end":{"line":18,"column":126}},"9":{"start":{"line":22,"column":27},"end":{"line":26,"column":7}},"10":{"start":{"line":29,"column":34},"end":{"line":31,"column":7}},"11":{"start":{"line":30,"column":25},"end":{"line":30,"column":94}},"12":{"start":{"line":33,"column":6},"end":{"line":38,"column":7}},"13":{"start":{"line":34,"column":8},"end":{"line":37,"column":11}},"14":{"start":{"line":41,"column":6},"end":{"line":41,"column":81}},"15":{"start":{"line":42,"column":6},"end":{"line":42,"column":73}},"16":{"start":{"line":44,"column":6},"end":{"line":44,"column":75}},"17":{"start":{"line":46,"column":6},"end":{"line":46,"column":71}},"18":{"start":{"line":47,"column":6},"end":{"line":47,"column":72}},"19":{"start":{"line":53,"column":66},"end":{"line":53,"column":74}},"20":{"start":{"line":54,"column":19},"end":{"line":54,"column":39}},"21":{"start":{"line":56,"column":4},"end":{"line":107,"column":5}},"22":{"start":{"line":57,"column":6},"end":{"line":57,"column":34}},"23":{"start":{"line":59,"column":6},"end":{"line":61,"column":7}},"24":{"start":{"line":60,"column":8},"end":{"line":60,"column":76}},"25":{"start":{"line":64,"column":25},"end":{"line":67,"column":7}},"26":{"start":{"line":68,"column":6},"end":{"line":71,"column":7}},"27":{"start":{"line":69,"column":8},"end":{"line":69,"column":39}},"28":{"start":{"line":70,"column":8},"end":{"line":70,"column":67}},"29":{"start":{"line":74,"column":22},"end":{"line":77,"column":7}},"30":{"start":{"line":80,"column":23},"end":{"line":80,"column":47}},"31":{"start":{"line":83,"column":31},"end":{"line":87,"column":7}},"32":{"start":{"line":89,"column":6},"end":{"line":89,"column":35}},"33":{"start":{"line":92,"column":6},"end":{"line":100,"column":9}},"34":{"start":{"line":103,"column":6},"end":{"line":103,"column":27}},"35":{"start":{"line":104,"column":6},"end":{"line":104,"column":72}},"36":{"start":{"line":106,"column":6},"end":{"line":106,"column":23}},"37":{"start":{"line":112,"column":24},"end":{"line":112,"column":34}},"38":{"start":{"line":113,"column":41},"end":{"line":113,"column":49}},"39":{"start":{"line":115,"column":4},"end":{"line":139,"column":5}},"40":{"start":{"line":117,"column":24},"end":{"line":117,"column":77}},"41":{"start":{"line":118,"column":6},"end":{"line":122,"column":7}},"42":{"start":{"line":119,"column":8},"end":{"line":121,"column":11}},"43":{"start":{"line":125,"column":21},"end":{"line":125,"column":85}},"44":{"start":{"line":127,"column":6},"end":{"line":131,"column":7}},"45":{"start":{"line":128,"column":8},"end":{"line":130,"column":11}},"46":{"start":{"line":133,"column":6},"end":{"line":135,"column":9}},"47":{"start":{"line":137,"column":6},"end":{"line":137,"column":56}},"48":{"start":{"line":138,"column":6},"end":{"line":138,"column":72}},"49":{"start":{"line":144,"column":19},"end":{"line":144,"column":29}},"50":{"start":{"line":145,"column":23},"end":{"line":145,"column":31}},"51":{"start":{"line":147,"column":4},"end":{"line":199,"column":5}},"52":{"start":{"line":149,"column":24},"end":{"line":152,"column":7}},"53":{"start":{"line":154,"column":6},"end":{"line":156,"column":7}},"54":{"start":{"line":155,"column":8},"end":{"line":155,"column":101}},"55":{"start":{"line":159,"column":19},"end":{"line":162,"column":7}},"56":{"start":{"line":164,"column":6},"end":{"line":166,"column":7}},"57":{"start":{"line":165,"column":8},"end":{"line":165,"column":67}},"58":{"start":{"line":169,"column":36},"end":{"line":172,"column":7}},"59":{"start":{"line":174,"column":6},"end":{"line":176,"column":7}},"60":{"start":{"line":175,"column":8},"end":{"line":175,"column":98}},"61":{"start":{"line":179,"column":20},"end":{"line":179,"column":43}},"62":{"start":{"line":182,"column":23},"end":{"line":182,"column":47}},"63":{"start":{"line":185,"column":31},"end":{"line":189,"column":7}},"64":{"start":{"line":192,"column":6},"end":{"line":195,"column":9}},"65":{"start":{"line":197,"column":6},"end":{"line":197,"column":69}},"66":{"start":{"line":198,"column":6},"end":{"line":198,"column":72}},"67":{"start":{"line":204,"column":24},"end":{"line":204,"column":34}},"68":{"start":{"line":205,"column":41},"end":{"line":205,"column":49}},"69":{"start":{"line":206,"column":19},"end":{"line":206,"column":39}},"70":{"start":{"line":208,"column":4},"end":{"line":245,"column":5}},"71":{"start":{"line":209,"column":6},"end":{"line":209,"column":34}},"72":{"start":{"line":212,"column":29},"end":{"line":216,"column":7}},"73":{"start":{"line":218,"column":6},"end":{"line":223,"column":7}},"74":{"start":{"line":219,"column":8},"end":{"line":219,"column":39}},"75":{"start":{"line":220,"column":8},"end":{"line":222,"column":11}},"76":{"start":{"line":225,"column":31},"end":{"line":232,"column":7}},"77":{"start":{"line":234,"column":6},"end":{"line":234,"column":35}},"78":{"start":{"line":236,"column":6},"end":{"line":239,"column":9}},"79":{"start":{"line":242,"column":6},"end":{"line":242,"column":72}},"80":{"start":{"line":244,"column":6},"end":{"line":244,"column":23}},"81":{"start":{"line":249,"column":0},"end":{"line":249,"column":37}}},"fnMap":{"0":{"name":"(anonymous_0)","decl":{"start":{"line":6,"column":26},"end":{"line":6,"column":27}},"loc":{"start":{"line":6,"column":46},"end":{"line":49,"column":3}},"line":6},"1":{"name":"(anonymous_1)","decl":{"start":{"line":30,"column":8},"end":{"line":30,"column":9}},"loc":{"start":{"line":30,"column":25},"end":{"line":30,"column":94}},"line":30},"2":{"name":"(anonymous_2)","decl":{"start":{"line":52,"column":12},"end":{"line":52,"column":13}},"loc":{"start":{"line":52,"column":32},"end":{"line":108,"column":3}},"line":52},"3":{"name":"(anonymous_3)","decl":{"start":{"line":111,"column":19},"end":{"line":111,"column":20}},"loc":{"start":{"line":111,"column":39},"end":{"line":140,"column":3}},"line":111},"4":{"name":"(anonymous_4)","decl":{"start":{"line":143,"column":23},"end":{"line":143,"column":24}},"loc":{"start":{"line":143,"column":43},"end":{"line":200,"column":3}},"line":143},"5":{"name":"(anonymous_5)","decl":{"start":{"line":203,"column":16},"end":{"line":203,"column":17}},"loc":{"start":{"line":203,"column":36},"end":{"line":246,"column":3}},"line":203}},"branchMap":{"0":{"loc":{"start":{"line":17,"column":6},"end":{"line":19,"column":7}},"type":"if","locations":[{"start":{"line":17,"column":6},"end":{"line":19,"column":7}},{"start":{},"end":{}}],"line":17},"1":{"loc":{"start":{"line":30,"column":25},"end":{"line":30,"column":94}},"type":"binary-expr","locations":[{"start":{"line":30,"column":25},"end":{"line":30,"column":58}},{"start":{"line":30,"column":62},"end":{"line":30,"column":94}}],"line":30},"2":{"loc":{"start":{"line":33,"column":6},"end":{"line":38,"column":7}},"type":"if","locations":[{"start":{"line":33,"column":6},"end":{"line":38,"column":7}},{"start":{},"end":{}}],"line":33},"3":{"loc":{"start":{"line":59,"column":6},"end":{"line":61,"column":7}},"type":"if","locations":[{"start":{"line":59,"column":6},"end":{"line":61,"column":7}},{"start":{},"end":{}}],"line":59},"4":{"loc":{"start":{"line":59,"column":10},"end":{"line":59,"column":75}},"type":"binary-expr","locations":[{"start":{"line":59,"column":10},"end":{"line":59,"column":17}},{"start":{"line":59,"column":21},"end":{"line":59,"column":25}},{"start":{"line":59,"column":29},"end":{"line":59,"column":41}},{"start":{"line":59,"column":45},"end":{"line":59,"column":51}},{"start":{"line":59,"column":55},"end":{"line":59,"column":61}},{"start":{"line":59,"column":65},"end":{"line":59,"column":75}}],"line":59},"5":{"loc":{"start":{"line":68,"column":6},"end":{"line":71,"column":7}},"type":"if","locations":[{"start":{"line":68,"column":6},"end":{"line":71,"column":7}},{"start":{},"end":{}}],"line":68},"6":{"loc":{"start":{"line":118,"column":6},"end":{"line":122,"column":7}},"type":"if","locations":[{"start":{"line":118,"column":6},"end":{"line":122,"column":7}},{"start":{},"end":{}}],"line":118},"7":{"loc":{"start":{"line":127,"column":6},"end":{"line":131,"column":7}},"type":"if","locations":[{"start":{"line":127,"column":6},"end":{"line":131,"column":7}},{"start":{},"end":{}}],"line":127},"8":{"loc":{"start":{"line":154,"column":6},"end":{"line":156,"column":7}},"type":"if","locations":[{"start":{"line":154,"column":6},"end":{"line":156,"column":7}},{"start":{},"end":{}}],"line":154},"9":{"loc":{"start":{"line":164,"column":6},"end":{"line":166,"column":7}},"type":"if","locations":[{"start":{"line":164,"column":6},"end":{"line":166,"column":7}},{"start":{},"end":{}}],"line":164},"10":{"loc":{"start":{"line":174,"column":6},"end":{"line":176,"column":7}},"type":"if","locations":[{"start":{"line":174,"column":6},"end":{"line":176,"column":7}},{"start":{},"end":{}}],"line":174},"11":{"loc":{"start":{"line":218,"column":6},"end":{"line":223,"column":7}},"type":"if","locations":[{"start":{"line":218,"column":6},"end":{"line":223,"column":7}},{"start":{},"end":{}}],"line":218}},"s":{"0":2,"1":2,"2":2,"3":0,"4":0,"5":0,"6":0,"7":0,"8":0,"9":0,"10":0,"11":0,"12":0,"13":0,"14":0,"15":0,"16":0,"17":0,"18":0,"19":3,"20":3,"21":3,"22":3,"23":3,"24":1,"25":2,"26":2,"27":1,"28":1,"29":1,"30":1,"31":1,"32":1,"33":1,"34":0,"35":0,"36":3,"37":0,"38":0,"39":0,"40":0,"41":0,"42":0,"43":0,"44":0,"45":0,"46":0,"47":0,"48":0,"49":0,"50":0,"51":0,"52":0,"53":0,"54":0,"55":0,"56":0,"57":0,"58":0,"59":0,"60":0,"61":0,"62":0,"63":0,"64":0,"65":0,"66":0,"67":3,"68":3,"69":3,"70":3,"71":3,"72":3,"73":3,"74":3,"75":3,"76":0,"77":0,"78":0,"79":0,"80":3,"81":2},"f":{"0":0,"1":0,"2":3,"3":0,"4":0,"5":3},"b":{"0":[0,0],"1":[0,0],"2":[0,0],"3":[1,2],"4":[3,3,3,3,3,3],"5":[1,1],"6":[0,0],"7":[0,0],"8":[0,0],"9":[0,0],"10":[0,0],"11":[3,0]},"_coverageSchema":"1a1c01bbd47fc00a2c39e90264f33305004495a9","hash":"8aed66c3cdbb740cdab6f19b7630e5f73ab63c85"}
,"C:\\Users\\hp\\Downloads\\BACKv3\\Challenge-Hub\\Back_end\\routes\\authRoutes.js": {"path":"C:\\Users\\hp\\Downloads\\BACKv3\\Challenge-Hub\\Back_end\\routes\\authRoutes.js","statementMap":{"0":{"start":{"line":1,"column":16},"end":{"line":1,"column":34}},"1":{"start":{"line":2,"column":23},"end":{"line":2,"column":63}},"2":{"start":{"line":3,"column":15},"end":{"line":3,"column":31}},"3":{"start":{"line":4,"column":0},"end":{"line":4,"column":46}},"4":{"start":{"line":5,"column":0},"end":{"line":5,"column":46}},"5":{"start":{"line":7,"column":0},"end":{"line":7,"column":24}}},"fnMap":{},"branchMap":{},"s":{"0":2,"1":2,"2":2,"3":2,"4":2,"5":2},"f":{},"b":{},"_coverageSchema":"1a1c01bbd47fc00a2c39e90264f33305004495a9","hash":"6f54ee0d749ff2bee0db57371fc173f8cde451a2"}
,"C:\\Users\\hp\\Downloads\\BACKv3\\Challenge-Hub\\Back_end\\routes\\challengeRoutes.js": {"path":"C:\\Users\\hp\\Downloads\\BACKv3\\Challenge-Hub\\Back_end\\routes\\challengeRoutes.js","statementMap":{"0":{"start":{"line":1,"column":16},"end":{"line":1,"column":34}},"1":{"start":{"line":2,"column":28},"end":{"line":2,"column":73}},"2":{"start":{"line":3,"column":15},"end":{"line":3,"column":31}},"3":{"start":{"line":6,"column":0},"end":{"line":6,"column":66}},"4":{"start":{"line":7,"column":0},"end":{"line":7,"column":47}},"5":{"start":{"line":8,"column":0},"end":{"line":8,"column":58}},"6":{"start":{"line":9,"column":0},"end":{"line":9,"column":70}},"7":{"start":{"line":10,"column":0},"end":{"line":10,"column":24}}},"fnMap":{},"branchMap":{},"s":{"0":2,"1":2,"2":2,"3":2,"4":2,"5":2,"6":2,"7":2},"f":{},"b":{},"_coverageSchema":"1a1c01bbd47fc00a2c39e90264f33305004495a9","hash":"364333e2fcb242f82fdd7e1410d335fb75bad531"}
,"C:\\Users\\hp\\Downloads\\BACKv3\\Challenge-Hub\\Back_end\\services\\authservice.js": {"path":"C:\\Users\\hp\\Downloads\\BACKv3\\Challenge-Hub\\Back_end\\services\\authservice.js","statementMap":{"0":{"start":{"line":1,"column":13},"end":{"line":1,"column":29}},"1":{"start":{"line":4,"column":15},"end":{"line":6,"column":1}},"2":{"start":{"line":5,"column":2},"end":{"line":5,"column":53}},"3":{"start":{"line":9,"column":15},"end":{"line":11,"column":1}},"4":{"start":{"line":10,"column":2},"end":{"line":10,"column":41}},"5":{"start":{"line":14,"column":21},"end":{"line":16,"column":1}},"6":{"start":{"line":15,"column":2},"end":{"line":15,"column":41}},"7":{"start":{"line":19,"column":24},"end":{"line":21,"column":1}},"8":{"start":{"line":20,"column":2},"end":{"line":20,"column":68}},"9":{"start":{"line":24,"column":27},"end":{"line":26,"column":1}},"10":{"start":{"line":25,"column":2},"end":{"line":25,"column":63}},"11":{"start":{"line":29,"column":24},"end":{"line":31,"column":1}},"12":{"start":{"line":30,"column":2},"end":{"line":30,"column":53}},"13":{"start":{"line":33,"column":0},"end":{"line":40,"column":2}}},"fnMap":{"0":{"name":"(anonymous_0)","decl":{"start":{"line":4,"column":15},"end":{"line":4,"column":16}},"loc":{"start":{"line":4,"column":42},"end":{"line":6,"column":1}},"line":4},"1":{"name":"(anonymous_1)","decl":{"start":{"line":9,"column":15},"end":{"line":9,"column":16}},"loc":{"start":{"line":9,"column":35},"end":{"line":11,"column":1}},"line":9},"2":{"name":"(anonymous_2)","decl":{"start":{"line":14,"column":21},"end":{"line":14,"column":22}},"loc":{"start":{"line":14,"column":39},"end":{"line":16,"column":1}},"line":14},"3":{"name":"(anonymous_3)","decl":{"start":{"line":19,"column":24},"end":{"line":19,"column":25}},"loc":{"start":{"line":19,"column":62},"end":{"line":21,"column":1}},"line":19},"4":{"name":"(anonymous_4)","decl":{"start":{"line":24,"column":27},"end":{"line":24,"column":28}},"loc":{"start":{"line":24,"column":58},"end":{"line":26,"column":1}},"line":24},"5":{"name":"(anonymous_5)","decl":{"start":{"line":29,"column":24},"end":{"line":29,"column":25}},"loc":{"start":{"line":29,"column":47},"end":{"line":31,"column":1}},"line":29}},"branchMap":{},"s":{"0":2,"1":2,"2":0,"3":2,"4":0,"5":2,"6":0,"7":2,"8":0,"9":2,"10":0,"11":2,"12":0,"13":2},"f":{"0":0,"1":0,"2":0,"3":0,"4":0,"5":0},"b":{},"_coverageSchema":"1a1c01bbd47fc00a2c39e90264f33305004495a9","hash":"c0ca9e42af0043a3f41b344ad75dfa747da0f94b"}
}
