TN:
SF:db.js
FNF:0
FNH:0
DA:2,4
DA:3,4
DA:5,4
DA:12,4
LF:4
LH:4
BRF:0
BRH:0
end_of_record
TN:
SF:index.js
FN:19,(anonymous_0)
FNF:1
FNH:0
FNDA:0,(anonymous_0)
DA:1,2
DA:2,2
DA:3,2
DA:4,2
DA:5,2
DA:9,2
DA:10,2
DA:11,2
DA:15,2
DA:16,2
DA:17,2
DA:18,2
DA:19,0
DA:20,0
DA:24,2
LF:15
LH:13
BRDA:17,0,0,2
BRDA:17,0,1,0
BRDA:18,1,0,0
BRDA:18,1,1,2
BRF:4
BRH:2
end_of_record
TN:
SF:controllers\authController.js
FN:6,(anonymous_0)
FN:46,(anonymous_1)
FNF:2
FNH:2
FNDA:3,(anonymous_0)
FNDA:3,(anonymous_1)
DA:1,2
DA:2,2
DA:4,2
DA:7,3
DA:9,3
DA:11,3
DA:12,1
DA:16,2
DA:19,2
DA:25,2
DA:26,0
DA:30,2
DA:33,2
DA:34,1
DA:38,1
DA:40,0
DA:41,0
DA:47,3
DA:49,3
DA:51,3
DA:52,1
DA:56,2
DA:57,0
DA:61,2
DA:62,0
DA:66,2
DA:69,2
DA:74,2
DA:75,1
DA:79,1
DA:80,1
DA:83,1
DA:86,1
DA:91,1
DA:93,0
DA:94,0
DA:99,2
LF:37
LH:30
BRDA:11,0,0,1
BRDA:11,0,1,2
BRDA:11,1,0,3
BRDA:11,1,1,3
BRDA:11,1,2,3
BRDA:16,2,0,2
BRDA:16,2,1,2
BRDA:25,3,0,0
BRDA:25,3,1,2
BRDA:33,4,0,1
BRDA:33,4,1,1
BRDA:51,5,0,1
BRDA:51,5,1,2
BRDA:51,6,0,3
BRDA:51,6,1,3
BRDA:51,6,2,3
BRDA:56,7,0,0
BRDA:56,7,1,2
BRDA:61,8,0,0
BRDA:61,8,1,2
BRDA:74,9,0,1
BRDA:74,9,1,1
BRF:22
BRH:19
end_of_record
TN:
SF:controllers\challengeController.js
FN:6,(anonymous_0)
FN:30,(anonymous_1)
FN:52,(anonymous_2)
FN:111,(anonymous_3)
FN:143,(anonymous_4)
FN:203,(anonymous_5)
FNF:6
FNH:2
FNDA:0,(anonymous_0)
FNDA:0,(anonymous_1)
FNDA:3,(anonymous_2)
FNDA:0,(anonymous_3)
FNDA:0,(anonymous_4)
FNDA:3,(anonymous_5)
DA:1,2
DA:2,2
DA:4,2
DA:7,0
DA:8,0
DA:10,0
DA:12,0
DA:17,0
DA:18,0
DA:22,0
DA:29,0
DA:30,0
DA:33,0
DA:34,0
DA:41,0
DA:42,0
DA:44,0
DA:46,0
DA:47,0
DA:53,3
DA:54,3
DA:56,3
DA:57,3
DA:59,3
DA:60,1
DA:64,2
DA:68,2
DA:69,1
DA:70,1
DA:74,1
DA:80,1
DA:83,1
DA:89,1
DA:92,1
DA:103,0
DA:104,0
DA:106,3
DA:112,0
DA:113,0
DA:115,0
DA:117,0
DA:118,0
DA:119,0
DA:125,0
DA:127,0
DA:128,0
DA:133,0
DA:137,0
DA:138,0
DA:144,0
DA:145,0
DA:147,0
DA:149,0
DA:154,0
DA:155,0
DA:159,0
DA:164,0
DA:165,0
DA:169,0
DA:174,0
DA:175,0
DA:179,0
DA:182,0
DA:185,0
DA:192,0
DA:197,0
DA:198,0
DA:204,3
DA:205,3
DA:206,3
DA:208,3
DA:209,3
DA:212,3
DA:218,3
DA:219,3
DA:220,3
DA:225,0
DA:234,0
DA:236,0
DA:242,0
DA:244,3
DA:249,2
LF:82
LH:30
BRDA:17,0,0,0
BRDA:17,0,1,0
BRDA:30,1,0,0
BRDA:30,1,1,0
BRDA:33,2,0,0
BRDA:33,2,1,0
BRDA:59,3,0,1
BRDA:59,3,1,2
BRDA:59,4,0,3
BRDA:59,4,1,3
BRDA:59,4,2,3
BRDA:59,4,3,3
BRDA:59,4,4,3
BRDA:59,4,5,3
BRDA:68,5,0,1
BRDA:68,5,1,1
BRDA:118,6,0,0
BRDA:118,6,1,0
BRDA:127,7,0,0
BRDA:127,7,1,0
BRDA:154,8,0,0
BRDA:154,8,1,0
BRDA:164,9,0,0
BRDA:164,9,1,0
BRDA:174,10,0,0
BRDA:174,10,1,0
BRDA:218,11,0,3
BRDA:218,11,1,0
BRF:28
BRH:11
end_of_record
TN:
SF:routes\authRoutes.js
FNF:0
FNH:0
DA:1,2
DA:2,2
DA:3,2
DA:4,2
DA:5,2
DA:7,2
LF:6
LH:6
BRF:0
BRH:0
end_of_record
TN:
SF:routes\challengeRoutes.js
FNF:0
FNH:0
DA:1,2
DA:2,2
DA:3,2
DA:6,2
DA:7,2
DA:8,2
DA:9,2
DA:10,2
LF:8
LH:8
BRF:0
BRH:0
end_of_record
TN:
SF:services\authservice.js
FN:4,(anonymous_0)
FN:9,(anonymous_1)
FN:14,(anonymous_2)
FN:19,(anonymous_3)
FN:24,(anonymous_4)
FN:29,(anonymous_5)
FNF:6
FNH:0
FNDA:0,(anonymous_0)
FNDA:0,(anonymous_1)
FNDA:0,(anonymous_2)
FNDA:0,(anonymous_3)
FNDA:0,(anonymous_4)
FNDA:0,(anonymous_5)
DA:1,2
DA:4,2
DA:5,0
DA:9,2
DA:10,0
DA:14,2
DA:15,0
DA:19,2
DA:20,0
DA:24,2
DA:25,0
DA:29,2
DA:30,0
DA:33,2
LF:14
LH:8
BRF:0
BRH:0
end_of_record
